# JRE version: Java(TM) SE Runtime Environment (7.0_80-b15) (build 1.7.0_80-b15)
# Java VM: Java HotSpot(TM) Client VM (24.80-b11 mixed mode windows-x86 )
Heap
 def new generation   total 64064K, used 43554K [0x04a00000, 0x08f80000, 0x09f50000)
  eden space 56960K,  72% used [0x04a00000, 0x072853c8, 0x081a0000)
  from space 7104K,  29% used [0x081a0000, 0x083a3810, 0x08890000)
  to   space 7104K,   0% used [0x08890000, 0x08890000, 0x08f80000)
 tenured generation   total 142256K, used 86942K [0x09f50000, 0x12a3c000, 0x14a00000)
   the space 142256K,  61% used [0x09f50000, 0x0f437958, 0x0f437a00, 0x12a3c000)
 compacting perm gen  total 19200K, used 19000K [0x14a00000, 0x15cc0000, 0x18a00000)
   the space 19200K,  98% used [0x14a00000, 0x15c8e0a0, 0x15c8e200, 0x15cc0000)
GC Heap History (10 events):
Event: 43.454 GC heap before
{Heap before GC invocations=86 (full 8):
 def new generation   total 56256K, used 53433K [0x04a00000, 0x08700000, 0x09f50000)
  eden space 50048K, 100% used [0x04a00000, 0x07ae0000, 0x07ae0000)
  from space 6208K,  54% used [0x07ae0000, 0x07e2e708, 0x080f0000)
  to   space 6208K,   0% used [0x080f0000, 0x080f0000, 0x08700000)
 tenured generation   total 124812K, used 123665K [0x09f50000, 0x11933000, 0x14a00000)
   the space 124812K,  99% used [0x09f50000, 0x118147a8, 0x11814800, 0x11933000)
 compacting perm gen  total 18432K, used 18205K [0x14a00000, 0x15c00000, 0x18a00000)
   the space 18432K,  98% used [0x14a00000, 0x15bc7698, 0x15bc7800, 0x15c00000)
No shared spaces configured.
Event: 43.733 GC heap after
Heap after GC invocations=87 (full 9):
 def new generation   total 64064K, used 0K [0x04a00000, 0x08f80000, 0x09f50000)
  eden space 56960K,   0% used [0x04a00000, 0x04a00000, 0x081a0000)
  from space 7104K,   0% used [0x081a0000, 0x081a0000, 0x08890000)
  to   space 7104K,   0% used [0x08890000, 0x08890000, 0x08f80000)
 tenured generation   total 142256K, used 85351K [0x09f50000, 0x12a3c000, 0x14a00000)
   the space 142256K,  59% used [0x09f50000, 0x0f2a9ee8, 0x0f2aa000, 0x12a3c000)
 compacting perm gen  total 18432K, used 18205K [0x14a00000, 0x15c00000, 0x18a00000)
   the space 18432K,  98% used [0x14a00000, 0x15bc7698, 0x15bc7800, 0x15c00000)
No shared spaces configured.
}
Event: 44.625 GC heap before
{Heap before GC invocations=87 (full 9):
 def new generation   total 64064K, used 56960K [0x04a00000, 0x08f80000, 0x09f50000)
  eden space 56960K, 100% used [0x04a00000, 0x081a0000, 0x081a0000)
  from space 7104K,   0% used [0x081a0000, 0x081a0000, 0x08890000)
  to   space 7104K,   0% used [0x08890000, 0x08890000, 0x08f80000)
 tenured generation   total 142256K, used 85351K [0x09f50000, 0x12a3c000, 0x14a00000)
   the space 142256K,  59% used [0x09f50000, 0x0f2a9ee8, 0x0f2aa000, 0x12a3c000)
 compacting perm gen  total 18944K, used 18840K [0x14a00000, 0x15c80000, 0x18a00000)
   the space 18944K,  99% used [0x14a00000, 0x15c66180, 0x15c66200, 0x15c80000)
No shared spaces configured.
Event: 44.642 GC heap after
Heap after GC invocations=88 (full 9):
 def new generation   total 64064K, used 2446K [0x04a00000, 0x08f80000, 0x09f50000)
  eden space 56960K,   0% used [0x04a00000, 0x04a00000, 0x081a0000)
  from space 7104K,  34% used [0x08890000, 0x08af3990, 0x08f80000)
  to   space 7104K,   0% used [0x081a0000, 0x081a0000, 0x08890000)
 tenured generation   total 142256K, used 85351K [0x09f50000, 0x12a3c000, 0x14a00000)
   the space 142256K,  59% used [0x09f50000, 0x0f2a9ee8, 0x0f2aa000, 0x12a3c000)
 compacting perm gen  total 18944K, used 18840K [0x14a00000, 0x15c80000, 0x18a00000)
   the space 18944K,  99% used [0x14a00000, 0x15c66180, 0x15c66200, 0x15c80000)
No shared spaces configured.
}
Event: 45.357 GC heap before
{Heap before GC invocations=88 (full 9):
 def new generation   total 64064K, used 59406K [0x04a00000, 0x08f80000, 0x09f50000)
  eden space 56960K, 100% used [0x04a00000, 0x081a0000, 0x081a0000)
  from space 7104K,  34% used [0x08890000, 0x08af3990, 0x08f80000)
  to   space 7104K,   0% used [0x081a0000, 0x081a0000, 0x08890000)
 tenured generation   total 142256K, used 85351K [0x09f50000, 0x12a3c000, 0x14a00000)
   the space 142256K,  59% used [0x09f50000, 0x0f2a9ee8, 0x0f2aa000, 0x12a3c000)
 compacting perm gen  total 19200K, used 18980K [0x14a00000, 0x15cc0000, 0x18a00000)
   the space 19200K,  98% used [0x14a00000, 0x15c89288, 0x15c89400, 0x15cc0000)
No shared spaces configured.
Event: 45.375 GC heap after
Heap after GC invocations=89 (full 9):
 def new generation   total 64064K, used 3610K [0x04a00000, 0x08f80000, 0x09f50000)
  eden space 56960K,   0% used [0x04a00000, 0x04a00000, 0x081a0000)
  from space 7104K,  50% used [0x081a0000, 0x08526888, 0x08890000)
  to   space 7104K,   0% used [0x08890000, 0x08890000, 0x08f80000)
 tenured generation   total 142256K, used 85351K [0x09f50000, 0x12a3c000, 0x14a00000)
   the space 142256K,  59% used [0x09f50000, 0x0f2a9ee8, 0x0f2aa000, 0x12a3c000)
 compacting perm gen  total 19200K, used 18980K [0x14a00000, 0x15cc0000, 0x18a00000)
   the space 19200K,  98% used [0x14a00000, 0x15c89288, 0x15c89400, 0x15cc0000)
No shared spaces configured.
}
Event: 45.951 GC heap before
{Heap before GC invocations=89 (full 9):
 def new generation   total 64064K, used 60570K [0x04a00000, 0x08f80000, 0x09f50000)
  eden space 56960K, 100% used [0x04a00000, 0x081a0000, 0x081a0000)
  from space 7104K,  50% used [0x081a0000, 0x08526888, 0x08890000)
  to   space 7104K,   0% used [0x08890000, 0x08890000, 0x08f80000)
 tenured generation   total 142256K, used 85351K [0x09f50000, 0x12a3c000, 0x14a00000)
   the space 142256K,  59% used [0x09f50000, 0x0f2a9ee8, 0x0f2aa000, 0x12a3c000)
 compacting perm gen  total 19200K, used 19000K [0x14a00000, 0x15cc0000, 0x18a00000)
   the space 19200K,  98% used [0x14a00000, 0x15c8e060, 0x15c8e200, 0x15cc0000)
No shared spaces configured.
Event: 45.968 GC heap after
Heap after GC invocations=90 (full 9):
 def new generation   total 64064K, used 2896K [0x04a00000, 0x08f80000, 0x09f50000)
  eden space 56960K,   0% used [0x04a00000, 0x04a00000, 0x081a0000)
  from space 7104K,  40% used [0x08890000, 0x08b64078, 0x08f80000)
  to   space 7104K,   0% used [0x081a0000, 0x081a0000, 0x08890000)
 tenured generation   total 142256K, used 86942K [0x09f50000, 0x12a3c000, 0x14a00000)
   the space 142256K,  61% used [0x09f50000, 0x0f437958, 0x0f437a00, 0x12a3c000)
 compacting perm gen  total 19200K, used 19000K [0x14a00000, 0x15cc0000, 0x18a00000)
   the space 19200K,  98% used [0x14a00000, 0x15c8e060, 0x15c8e200, 0x15cc0000)
No shared spaces configured.
}
Event: 46.189 GC heap before
{Heap before GC invocations=90 (full 9):
 def new generation   total 64064K, used 46736K [0x04a00000, 0x08f80000, 0x09f50000)
  eden space 56960K,  76% used [0x04a00000, 0x074d0340, 0x081a0000)
  from space 7104K,  40% used [0x08890000, 0x08b64078, 0x08f80000)
  to   space 7104K,   0% used [0x081a0000, 0x081a0000, 0x08890000)
 tenured generation   total 142256K, used 86942K [0x09f50000, 0x12a3c000, 0x14a00000)
   the space 142256K,  61% used [0x09f50000, 0x0f437958, 0x0f437a00, 0x12a3c000)
 compacting perm gen  total 19200K, used 19000K [0x14a00000, 0x15cc0000, 0x18a00000)
   the space 19200K,  98% used [0x14a00000, 0x15c8e090, 0x15c8e200, 0x15cc0000)
No shared spaces configured.
Event: 46.197 GC heap after
Heap after GC invocations=91 (full 9):
 def new generation   total 64064K, used 2062K [0x04a00000, 0x08f80000, 0x09f50000)
  eden space 56960K,   0% used [0x04a00000, 0x04a00000, 0x081a0000)
  from space 7104K,  29% used [0x081a0000, 0x083a3810, 0x08890000)
  to   space 7104K,   0% used [0x08890000, 0x08890000, 0x08f80000)
 tenured generation   total 142256K, used 86942K [0x09f50000, 0x12a3c000, 0x14a00000)
   the space 142256K,  61% used [0x09f50000, 0x0f437958, 0x0f437a00, 0x12a3c000)
 compacting perm gen  total 19200K, used 19000K [0x14a00000, 0x15cc0000, 0x18a00000)
   the space 19200K,  98% used [0x14a00000, 0x15c8e090, 0x15c8e200, 0x15cc0000)
No shared spaces configured.
}

